<?xml version="1.0" encoding="UTF-8"?>
<!-- Generated by org.testng.reporters.JUnitReportReporter -->
<testsuite hostname="DESKTOP-MH4DI5O" failures="0" tests="4" name="testrunner.CucumberTestRunner" time="164.616" errors="0" timestamp="2025-11-28T16:33:40 IST" skipped="0">
  <testcase classname="testrunner.CucumberTestRunner" name="runScenario" time="23.998"/>
  <testcase classname="testrunner.CucumberTestRunner" name="runScenario" time="16.993"/>
  <testcase classname="testrunner.CucumberTestRunner" name="runScenario" time="102.442"/>
  <testcase classname="testrunner.CucumberTestRunner" name="runScenario" time="21.183"/>
</testsuite> <!-- testrunner.CucumberTestRunner -->
